#
# A fatal error has been detected by the Java Runtime Environment:
#
#  Internal Error (javaClasses.cpp:129), pid=2884, tid=3040
#  fatal error: Invalid layout of preloaded class
#
# JRE version: 7.0_25-b16
# Java VM: Java HotSpot(TM) Client VM (23.25-b01 mixed mode windows-x86 )
# Failed to write core dump. Minidumps are not enabled by default on client versions of Windows
#
# If you would like to submit a bug report, please visit:
#   http://bugreport.sun.com/bugreport/crash.jsp
#

---------------  T H R E A D  ---------------

Current thread (0x003ea800):  JavaThread "Unknown thread" [_thread_in_vm, id=3040, stack(0x017a0000,0x017f0000)]

Stack: [0x017a0000,0x017f0000],  sp=0x017ef700,  free space=317k
Native frames: (J=compiled Java code, j=interpreted, Vv=VM code, C=native code)
V  [jvm.dll+0x167e31]
V  [jvm.dll+0x1620f6]
V  [jvm.dll+0x1f92f]
V  [jvm.dll+0x1f9b6]
V  [jvm.dll+0x2cffd]
V  [jvm.dll+0x2d2a9]
V  [jvm.dll+0x75351]
V  [jvm.dll+0x7570b]
V  [jvm.dll+0x123881]
V  [jvm.dll+0x1439cc]
V  [jvm.dll+0xa619f]
C  [javaw.exe+0x13ca]
C  [javaw.exe+0x1e3c]
C  [javaw.exe+0xa5b1]
C  [javaw.exe+0xa63b]
C  [kernel32.dll+0x4ed6c]  BaseThreadInitThunk+0x12
C  [ntdll.dll+0x6377b]  RtlInitializeExceptionChain+0xef
C  [ntdll.dll+0x6374e]  RtlInitializeExceptionChain+0xc2


---------------  P R O C E S S  ---------------

Java Threads: ( => current thread )

Other Threads:

=>0x003ea800 (exited) JavaThread "Unknown thread" [_thread_in_vm, id=3040, stack(0x017a0000,0x017f0000)]

VM state:not at safepoint (not fully initialized)

VM Mutex/Monitor currently owned by a thread: None

GC Heap History (0 events):
No events

Deoptimization events (0 events):
No events

Internal exceptions (0 events):
No events

Events (10 events):
Event: 0.141 loading class 0x018067f0 done
Event: 0.141 loading class 0x01805da0 done
Event: 0.141 loading class 0x01805d78
Event: 0.141 loading class 0x0187c548
Event: 0.141 loading class 0x0187c548 done
Event: 0.141 loading class 0x0187c580
Event: 0.142 loading class 0x0187c580 done
Event: 0.142 loading class 0x01872430
Event: 0.142 loading class 0x01872430 done
Event: 0.142 loading class 0x01805d78 done


Dynamic libraries:
0x00080000 - 0x000af000 	C:\Program Files\adt-bundle-windows-x86-20130522\eclipse\bin\javaw.exe
0x771d0000 - 0x7730c000 	C:\Windows\SYSTEM32\ntdll.dll
0x76c20000 - 0x76cf4000 	C:\Windows\system32\kernel32.dll
0x754e0000 - 0x7552b000 	C:\Windows\system32\KERNELBASE.dll
0x715c0000 - 0x7160c000 	C:\ProgramData\Norton\{0C55C096-0F1D-4F28-AAA2-85EF591126E7}\N360_20.4.0.40\Definitions\BASHDefs\20130702.001\UMEngx86.dll
0x765d0000 - 0x76670000 	C:\Windows\system32\ADVAPI32.dll
0x77120000 - 0x771cc000 	C:\Windows\system32\msvcrt.dll
0x76d60000 - 0x76d79000 	C:\Windows\SYSTEM32\sechost.dll
0x75840000 - 0x758e1000 	C:\Windows\system32\RPCRT4.dll
0x769a0000 - 0x76a69000 	C:\Windows\system32\USER32.dll
0x76700000 - 0x7674e000 	C:\Windows\system32\GDI32.dll
0x77310000 - 0x7731a000 	C:\Windows\system32\LPK.dll
0x757a0000 - 0x7583d000 	C:\Windows\system32\USP10.dll
0x74640000 - 0x747de000 	C:\Windows\WinSxS\x86_microsoft.windows.common-controls_6595b64144ccf1df_6.0.7601.17514_none_41e6975e2bd6f2b2\COMCTL32.dll
0x76d00000 - 0x76d57000 	C:\Windows\system32\SHLWAPI.dll
0x75780000 - 0x7579f000 	C:\Windows\system32\IMM32.DLL
0x77330000 - 0x773fc000 	C:\Windows\system32\MSCTF.dll
0x6b800000 - 0x6b8be000 	C:\Program Files\adt-bundle-windows-x86-20130522\eclipse\bin\msvcr100.dll
0x5fcb0000 - 0x5fff2000 	C:\Program Files\adt-bundle-windows-x86-20130522\eclipse\bin\client\jvm.dll
0x6e050000 - 0x6e057000 	C:\Windows\system32\WSOCK32.dll
0x76be0000 - 0x76c15000 	C:\Windows\system32\WS2_32.dll
0x758f0000 - 0x758f6000 	C:\Windows\system32\NSI.dll
0x73600000 - 0x73632000 	C:\Windows\system32\WINMM.dll
0x77320000 - 0x77325000 	C:\Windows\system32\PSAPI.DLL
0x73840000 - 0x7384c000 	C:\Program Files\adt-bundle-windows-x86-20130522\eclipse\bin\verify.dll
0x73780000 - 0x737a0000 	C:\Program Files\adt-bundle-windows-x86-20130522\eclipse\bin\java.dll
0x737b0000 - 0x737c3000 	C:\Program Files\adt-bundle-windows-x86-20130522\eclipse\bin\zip.dll
0x70bc0000 - 0x70cab000 	C:\Windows\system32\dbghelp.dll

VM Arguments:
jvm_args: -Dfile.encoding=Cp1252 -Xbootclasspath:C:\Program Files\adt-bundle-windows-x86-20130522\sdk\platforms\android-17\android.jar 
java_command: com.i2r.androidremotecontroller.getAUUID
Launcher Type: SUN_STANDARD

Environment Variables:
PATH=C:/Program Files/adt-bundle-windows-x86-20130522/eclipse/bin/client;C:/Program Files/adt-bundle-windows-x86-20130522/eclipse/bin;C:/Program Files/adt-bundle-windows-x86-20130522/eclipse/lib/i386;C:\Windows\system32;C:\Windows;C:\Windows\System32\Wbem;C:\Windows\System32\WindowsPowerShell\v1.0\;C:\Program Files\ZipGenius 6\;C:\Program Files\adt-bundle-windows-x86-20130522\eclipse;
USERNAME=jnoel
OS=Windows_NT
PROCESSOR_IDENTIFIER=x86 Family 6 Model 23 Stepping 10, GenuineIntel



---------------  S Y S T E M  ---------------

OS: Windows 7 Build 7601 Service Pack 1

CPU:total 2 (2 cores per cpu, 1 threads per core) family 6 model 23 stepping 10, cmov, cx8, fxsr, mmx, sse, sse2, sse3, ssse3, tsc

Memory: 4k page, physical 3372280k(1573888k free), swap 6742808k(4123328k free)

vm_info: Java HotSpot(TM) Client VM (23.25-b01) for windows-x86 JRE (1.7.0_25-b16), built on Jun 12 2013 20:29:09 by "java_re" with unknown MS VC++:1600

time: Tue Jul 09 09:04:26 2013
elapsed time: 0 seconds

